-------------------------------------------------------------------------------
Test set: runner.TestRunner
-------------------------------------------------------------------------------
Tests run: 15, Failures: 15, Errors: 0, Skipped: 0, Time elapsed: 6.72 s <<< FAILURE! - in runner.TestRunner
runner.TestRunner.runScenario["Cadastrar um novo cliente", "Optional[Cadastrar Novos Clientes]"](1)  Time elapsed: 3.059 s  <<< FAILURE!
java.net.ConnectException: Conexão recusada (Connection refused)

runner.TestRunner.runScenario["Cadastrar cliente utilizando um CPF já cadastrado", "Optional[Cadastrar Novos Clientes]"](2)  Time elapsed: 0.031 s  <<< FAILURE!
java.net.ConnectException: Conexão recusada (Connection refused)

runner.TestRunner.runScenario["Cadastrar cliente utilizando um Telefone já cadastrado", "Optional[Cadastrar Novos Clientes]"](3)  Time elapsed: 0.11 s  <<< FAILURE!
java.net.ConnectException: Conexão recusada (Connection refused)

runner.TestRunner.runScenario["Cadastrar um novo cliente com header da request incompleto", "Optional[Cadastrar Novos Clientes]"](4)  Time elapsed: 0.123 s  <<< FAILURE!
java.net.ConnectException: Conexão recusada (Connection refused)

runner.TestRunner.runScenario["Cadastrar um novo cliente sem enviar o corpo obrigatório da request", "Optional[Cadastrar Novos Clientes]"](5)  Time elapsed: 0.074 s  <<< FAILURE!
java.net.ConnectException: Conexão recusada (Connection refused)

runner.TestRunner.runScenario["Cadastrar um novo cliente com o corpo obrigatório da request incompleto", "Optional[Cadastrar Novos Clientes]"](6)  Time elapsed: 0.126 s  <<< FAILURE!
java.net.ConnectException: Conexão recusada (Connection refused)

runner.TestRunner.runScenario["Cadastrar um novo cliente com nome de campos errados no corpo do request", "Optional[Cadastrar Novos Clientes]"](7)  Time elapsed: 0.16 s  <<< FAILURE!
java.net.ConnectException: Conexão recusada (Connection refused)

runner.TestRunner.runScenario["Cadastrar um novo cliente utilizando um endpoint incorreto", "Optional[Cadastrar Novos Clientes]"](8)  Time elapsed: 0.218 s  <<< FAILURE!
java.net.ConnectException: Conexão recusada (Connection refused)

runner.TestRunner.runScenario["Cadastrar um novo cliente com tipagem errada dos campos no corpo do request", "Optional[Cadastrar Novos Clientes]"](9)  Time elapsed: 0.174 s  <<< FAILURE!
java.net.ConnectException: Conexão recusada (Connection refused)

runner.TestRunner.runScenario["Pesquisar um cliente existente", "Optional[Pesquisar Clientes]"](10)  Time elapsed: 0.424 s  <<< FAILURE!
java.net.ConnectException: Conexão recusada (Connection refused)

runner.TestRunner.runScenario["Confirmar que o HTTP StatusCode de uma pesquisa está correto", "Optional[Pesquisar Clientes]"](11)  Time elapsed: 0.132 s  <<< FAILURE!
java.net.ConnectException: Conexão recusada (Connection refused)

runner.TestRunner.runScenario["Pesquisar um cliente utilizando um telefone inexistente na busca", "Optional[Pesquisar Clientes]"](12)  Time elapsed: 0.192 s  <<< FAILURE!
java.net.ConnectException: Conexão recusada (Connection refused)

runner.TestRunner.runScenario["Pesquisar um cliente utilizando um DDD inexistente na busca", "Optional[Pesquisar Clientes]"](13)  Time elapsed: 0.131 s  <<< FAILURE!
java.net.ConnectException: Conexão recusada (Connection refused)

runner.TestRunner.runScenario["Pesquisar um cliente utilizando DDD e o nome do cliente na busca", "Optional[Pesquisar Clientes]"](14)  Time elapsed: 0.158 s  <<< FAILURE!
java.net.ConnectException: Conexão recusada (Connection refused)

runner.TestRunner.runScenario["Pesquisar um cliente utilizando um endpoint incorreto", "Optional[Pesquisar Clientes]"](15)  Time elapsed: 0.14 s  <<< FAILURE!
java.net.ConnectException: Conexão recusada (Connection refused)

